<?xml version="1.0" encoding="utf-8"?>
<?AutomationStudio Version="4.9.2.46"?>
<Objects>
  <Object
    Path="C:\projects\Semafor\Logical\Package.pkg"
    LogicalPath=""
    Type="Package.ParentUnknown"
    LastWriteTime="133432229707656295" />
  <Object
    Path="C:\projects\Semafor\Logical\Global.typ"
    LogicalPath="Global.typ"
    Type="File"
    LastWriteTime="133431291849733027"
    Private="false" />
  <Object
    Path="C:\projects\Semafor\Logical\Global.var"
    LogicalPath="Global.var"
    Type="File"
    LastWriteTime="133431404550826030"
    Private="false" />
  <Object
    Path="C:\projects\Semafor\Logical\Libraries\Package.pkg"
    LogicalPath="Libraries"
    Type="Package"
    LastWriteTime="133431529412958746" />
  <Object
    Path="C:\projects\Semafor\Logical\Libraries\runtime\binary.lby"
    LogicalPath="Libraries.runtime"
    Type="Library"
    LastWriteTime="133431529412928741" />
  <Object
    Path="C:\projects\Semafor\Logical\Libraries\runtime\runtime.fun"
    LogicalPath="Libraries.runtime.runtime.fun"
    Type="File"
    LastWriteTime="133431529412868755"
    Private="false" />
  <Object
    Path="C:\projects\Semafor\Logical\Libraries\runtime\runtime.typ"
    LogicalPath="Libraries.runtime.runtime.typ"
    Type="File"
    LastWriteTime="133431529412898755"
    Private="false" />
  <Object
    Path="C:\projects\Semafor\Logical\Libraries\runtime\runtime.var"
    LogicalPath="Libraries.runtime.runtime.var"
    Type="File"
    LastWriteTime="133431529412918762"
    Private="false" />
  <Object
    Path="C:\projects\Semafor\Logical\Libraries\operator\binary.lby"
    LogicalPath="Libraries.operator"
    Type="Library"
    LastWriteTime="133431291855797427" />
  <Object
    Path="C:\projects\Semafor\Logical\Libraries\operator\operator.fun"
    LogicalPath="Libraries.operator.operator.fun"
    Type="File"
    LastWriteTime="133431291855797427"
    Private="false" />
  <Object
    Path="C:\projects\Semafor\Logical\Libraries\operator\operator.typ"
    LogicalPath="Libraries.operator.operator.typ"
    Type="File"
    LastWriteTime="133431291855797427"
    Private="false" />
  <Object
    Path="C:\projects\Semafor\Logical\Libraries\operator\operator.var"
    LogicalPath="Libraries.operator.operator.var"
    Type="File"
    LastWriteTime="133431291855797427"
    Private="false" />
  <Object
    Path="C:\projects\Semafor\Logical\Libraries\astime\binary.lby"
    LogicalPath="Libraries.astime"
    Type="Library"
    LastWriteTime="133431291858571841" />
  <Object
    Path="C:\projects\Semafor\Logical\Libraries\astime\astime.fun"
    LogicalPath="Libraries.astime.astime.fun"
    Type="File"
    LastWriteTime="133431291858472697"
    Private="false" />
  <Object
    Path="C:\projects\Semafor\Logical\Libraries\astime\astime.typ"
    LogicalPath="Libraries.astime.astime.typ"
    Type="File"
    LastWriteTime="133431291858472697"
    Private="false" />
  <Object
    Path="C:\projects\Semafor\Logical\Libraries\astime\astime.var"
    LogicalPath="Libraries.astime.astime.var"
    Type="File"
    LastWriteTime="133431291858571841"
    Private="false" />
  <Object
    Path="C:\projects\Semafor\Logical\Libraries\AsIecCon\binary.lby"
    LogicalPath="Libraries.AsIecCon"
    Type="Library"
    LastWriteTime="133431291859900431" />
  <Object
    Path="C:\projects\Semafor\Logical\Libraries\AsIecCon\AsIecCon.fun"
    LogicalPath="Libraries.AsIecCon.AsIecCon.fun"
    Type="File"
    LastWriteTime="133431291859893704"
    Private="false" />
  <Object
    Path="C:\projects\Semafor\Logical\Libraries\AsIecCon\AsIecCon.typ"
    LogicalPath="Libraries.AsIecCon.AsIecCon.typ"
    Type="File"
    LastWriteTime="133431291859900431"
    Private="false" />
  <Object
    Path="C:\projects\Semafor\Logical\Libraries\AsIecCon\AsIecCon.var"
    LogicalPath="Libraries.AsIecCon.AsIecCon.var"
    Type="File"
    LastWriteTime="133431291859900431"
    Private="false" />
  <Object
    Path="C:\projects\Semafor\Logical\Libraries\SemaforLib\IEC.lby"
    LogicalPath="Libraries.SemaforLib"
    Type="Library"
    LastWriteTime="133432177228654791" />
  <Object
    Path="C:\projects\Semafor\Logical\Libraries\SemaforLib\Types.typ"
    LogicalPath="Libraries.SemaforLib.Types.typ"
    Type="File"
    LastWriteTime="133432261671197306"
    Private="false" />
  <Object
    Path="C:\projects\Semafor\Logical\Libraries\SemaforLib\Constants.var"
    LogicalPath="Libraries.SemaforLib.Constants.var"
    Type="File"
    LastWriteTime="133432177228654791"
    Private="false" />
  <Object
    Path="C:\projects\Semafor\Logical\Libraries\SemaforLib\SemaforLib.fun"
    LogicalPath="Libraries.SemaforLib.SemaforLib.fun"
    Type="File"
    LastWriteTime="133432261670241126"
    Private="false" />
  <Object
    Path="C:\projects\Semafor\Logical\Libraries\SemaforLib\CarLight.st"
    LogicalPath="Libraries.SemaforLib.CarLight.st"
    Type="File"
    LastWriteTime="133432296475399585"
    Private="false" />
  <Object
    Path="C:\projects\Semafor\Logical\Libraries\SemaforLib\WalkLight.st"
    LogicalPath="Libraries.SemaforLib.WalkLight.st"
    Type="File"
    LastWriteTime="133432268327277648"
    Private="false" />
  <Object
    Path="C:\projects\Semafor\Logical\Libraries\sys_lib\binary.lby"
    LogicalPath="Libraries.sys_lib"
    Type="Library"
    LastWriteTime="133431331103551511" />
  <Object
    Path="C:\projects\Semafor\Logical\Libraries\sys_lib\sys_lib.fun"
    LogicalPath="Libraries.sys_lib.sys_lib.fun"
    Type="File"
    LastWriteTime="133431331103390467"
    Private="false" />
  <Object
    Path="C:\projects\Semafor\Logical\Libraries\sys_lib\sys_lib.typ"
    LogicalPath="Libraries.sys_lib.sys_lib.typ"
    Type="File"
    LastWriteTime="133431331103476436"
    Private="false" />
  <Object
    Path="C:\projects\Semafor\Logical\Libraries\sys_lib\sys_lib.var"
    LogicalPath="Libraries.sys_lib.sys_lib.var"
    Type="File"
    LastWriteTime="133431331103476436"
    Private="false" />
  <Object
    Path="C:\projects\Semafor\Logical\Libraries\standard\binary.lby"
    LogicalPath="Libraries.standard"
    Type="Library"
    LastWriteTime="133431331672567820" />
  <Object
    Path="C:\projects\Semafor\Logical\Libraries\standard\standard.fun"
    LogicalPath="Libraries.standard.standard.fun"
    Type="File"
    LastWriteTime="133431331672567820"
    Private="false" />
  <Object
    Path="C:\projects\Semafor\Logical\Libraries\standard\standard.typ"
    LogicalPath="Libraries.standard.standard.typ"
    Type="File"
    LastWriteTime="133431331672567820"
    Private="false" />
  <Object
    Path="C:\projects\Semafor\Logical\Libraries\standard\standard.var"
    LogicalPath="Libraries.standard.standard.var"
    Type="File"
    LastWriteTime="133431331672567820"
    Private="false" />
  <Object
    Path="C:\projects\Semafor\Logical\Libraries\io_lib\binary.lby"
    LogicalPath="Libraries.io_lib"
    Type="Library"
    LastWriteTime="133431473233112902" />
  <Object
    Path="C:\projects\Semafor\Logical\Libraries\io_lib\io_lib.fun"
    LogicalPath="Libraries.io_lib.io_lib.fun"
    Type="File"
    LastWriteTime="133431473233063634"
    Private="false" />
  <Object
    Path="C:\projects\Semafor\Logical\Libraries\io_lib\io_lib.typ"
    LogicalPath="Libraries.io_lib.io_lib.typ"
    Type="File"
    LastWriteTime="133431473233092895"
    Private="false" />
  <Object
    Path="C:\projects\Semafor\Logical\Libraries\io_lib\io_lib.var"
    LogicalPath="Libraries.io_lib.io_lib.var"
    Type="File"
    LastWriteTime="133431473233112902"
    Private="false" />
  <Object
    Path="C:\projects\Semafor\Logical\Libraries\SafeMC\Binary.lby"
    LogicalPath="Libraries.SafeMC"
    Type="Library"
    LastWriteTime="133431481468715551" />
  <Object
    Path="C:\projects\Semafor\Logical\Libraries\SafeMC\SafeMC.fun"
    LogicalPath="Libraries.SafeMC.SafeMC.fun"
    Type="File"
    LastWriteTime="133431481468680462"
    Private="false" />
  <Object
    Path="C:\projects\Semafor\Logical\Libraries\SafeMC\SafeMC.typ"
    LogicalPath="Libraries.SafeMC.SafeMC.typ"
    Type="File"
    LastWriteTime="133431481468690464"
    Private="false" />
  <Object
    Path="C:\projects\Semafor\Logical\Libraries\Acp10man\Binary.lby"
    LogicalPath="Libraries.Acp10man"
    Type="Library"
    LastWriteTime="133431481468923236" />
  <Object
    Path="C:\projects\Semafor\Logical\Libraries\Acp10man\Acp10man.typ"
    LogicalPath="Libraries.Acp10man.Acp10man.typ"
    Type="File"
    LastWriteTime="133431481468903192"
    Private="false" />
  <Object
    Path="C:\projects\Semafor\Logical\Libraries\Acp10par\Binary.lby"
    LogicalPath="Libraries.Acp10par"
    Type="Library"
    LastWriteTime="133431481469089622" />
  <Object
    Path="C:\projects\Semafor\Logical\Libraries\Acp10par\Acp10par.var"
    LogicalPath="Libraries.Acp10par.Acp10par.var"
    Type="File"
    LastWriteTime="133431481469068085"
    Private="false" />
  <Object
    Path="C:\projects\Semafor\Logical\Libraries\NcGlobal\Binary.lby"
    LogicalPath="Libraries.NcGlobal"
    Type="Library"
    LastWriteTime="133431481469235857" />
  <Object
    Path="C:\projects\Semafor\Logical\Libraries\NcGlobal\NcGlobal.fun"
    LogicalPath="Libraries.NcGlobal.NcGlobal.fun"
    Type="File"
    LastWriteTime="133431481469164939"
    Private="false" />
  <Object
    Path="C:\projects\Semafor\Logical\Libraries\NcGlobal\NcGlobal.typ"
    LogicalPath="Libraries.NcGlobal.NcGlobal.typ"
    Type="File"
    LastWriteTime="133431481469184932"
    Private="false" />
  <Object
    Path="C:\projects\Semafor\Logical\Libraries\NcGlobal\NcGlobal.var"
    LogicalPath="Libraries.NcGlobal.NcGlobal.var"
    Type="File"
    LastWriteTime="133431481469204933"
    Private="false" />
  <Object
    Path="C:\projects\Semafor\Logical\Libraries\LoopConR\Binary.lby"
    LogicalPath="Libraries.LoopConR"
    Type="Library"
    LastWriteTime="133431508284240319" />
  <Object
    Path="C:\projects\Semafor\Logical\Libraries\LoopConR\LoopConR.var"
    LogicalPath="Libraries.LoopConR.LoopConR.var"
    Type="File"
    LastWriteTime="133431508284083409"
    Private="false" />
  <Object
    Path="C:\projects\Semafor\Logical\Libraries\LoopConR\LoopConR.typ"
    LogicalPath="Libraries.LoopConR.LoopConR.typ"
    Type="File"
    LastWriteTime="133431508284083409"
    Private="false" />
  <Object
    Path="C:\projects\Semafor\Logical\Libraries\LoopConR\LoopConR.fun"
    LogicalPath="Libraries.LoopConR.LoopConR.fun"
    Type="File"
    LastWriteTime="133431508284083409"
    Private="false" />
  <Object
    Path="C:\projects\Semafor\Logical\Libraries\brsystem\binary.lby"
    LogicalPath="Libraries.brsystem"
    Type="Library"
    LastWriteTime="133431508284395553" />
  <Object
    Path="C:\projects\Semafor\Logical\Libraries\brsystem\brsystem.fun"
    LogicalPath="Libraries.brsystem.brsystem.fun"
    Type="File"
    LastWriteTime="133431508284240319"
    Private="false" />
  <Object
    Path="C:\projects\Semafor\Logical\Libraries\brsystem\brsystem.typ"
    LogicalPath="Libraries.brsystem.brsystem.typ"
    Type="File"
    LastWriteTime="133431508284240319"
    Private="false" />
  <Object
    Path="C:\projects\Semafor\Logical\Libraries\brsystem\brsystem.var"
    LogicalPath="Libraries.brsystem.brsystem.var"
    Type="File"
    LastWriteTime="133431508284395553"
    Private="false" />
  <Object
    Path="C:\projects\Semafor\Logical\Semafor\IEC.prg"
    LogicalPath="Semafor"
    Type="Program"
    LastWriteTime="133431294507706635" />
  <Object
    Path="C:\projects\Semafor\Logical\Semafor\Main.st"
    LogicalPath="Semafor.Main.st"
    Type="File"
    LastWriteTime="133432288281487457"
    Private="false" />
  <Object
    Path="C:\projects\Semafor\Logical\Semafor\Types.typ"
    LogicalPath="Semafor.Types.typ"
    Type="File"
    LastWriteTime="133431294507706635"
    Private="true" />
  <Object
    Path="C:\projects\Semafor\Logical\Semafor\Variables.var"
    LogicalPath="Semafor.Variables.var"
    Type="File"
    LastWriteTime="133432180493874550"
    Private="true" />
  <Object
    Path="C:\projects\Semafor\Logical\Visu\Vc.dob"
    LogicalPath="Visu"
    Type="DataObject"
    LastWriteTime="133432229707289325" />
  <Object
    Path="C:\projects\Semafor\Logical\Visu\VCObject.vc"
    LogicalPath="Visu.VCObject.vc"
    Type="File"
    LastWriteTime="133432229707289325"
    Private="false" />
  <Object
    Path="C:\projects\Semafor\Physical\Config1\Config.pkg"
    LogicalPath="Config1"
    Type="Configuration.ParentUnknown"
    LastWriteTime="133431517310815580" />
  <Object
    Path="C:\projects\Semafor\Physical\Config1\Hardware.hw"
    LogicalPath="Config1.Hardware.hw"
    Type="File"
    LastWriteTime="133432250544316117"
    Private="false" />
  <Object
    Path="C:\projects\Semafor\Physical\Config1\Hardware.hwl"
    LogicalPath="Config1.Hardware.hwl"
    Type="File"
    LastWriteTime="133431517633620980"
    Private="false" />
  <Object
    Path="C:\projects\Semafor\Physical\Config1\X20CP3585\Cpu.pkg"
    LogicalPath="Config1.X20CP3585"
    Type="Cpu"
    LastWriteTime="133432232018417361" />
  <Object
    Path="C:\projects\Semafor\Physical\Config1\X20CP3585\Cpu.sw"
    LogicalPath="Config1.X20CP3585.Cpu.sw"
    Type="File"
    LastWriteTime="133432229711670649"
    Private="false" />
  <Object
    Path="C:\projects\Semafor\Physical\Config1\X20CP3585\Cpu.per"
    LogicalPath="Config1.X20CP3585.Cpu.per"
    Type="File"
    LastWriteTime="133431517295856125"
    Private="false" />
  <Object
    Path="C:\projects\Semafor\Physical\Config1\X20CP3585\IoMap.iom"
    LogicalPath="Config1.X20CP3585.IoMap.iom"
    Type="File"
    LastWriteTime="133431517295856125"
    Private="false" />
  <Object
    Path="C:\projects\Semafor\Physical\Config1\X20CP3585\PvMap.vvm"
    LogicalPath="Config1.X20CP3585.PvMap.vvm"
    Type="File"
    LastWriteTime="133431517295856125"
    Private="false" />
  <Object
    Path="C:\projects\Semafor\Physical\Config1\X20CP3585\Connectivity\Package.pkg"
    LogicalPath="Config1.X20CP3585.Connectivity"
    Type="Package"
    LastWriteTime="133431517296012301" />
  <Object
    Path="C:\projects\Semafor\Physical\Config1\X20CP3585\Connectivity\OpcUA\Package.pkg"
    LogicalPath="Config1.X20CP3585.Connectivity.OpcUA"
    Type="Package"
    LastWriteTime="133431517296012301" />
  <Object
    Path="C:\projects\Semafor\Physical\Config1\X20CP3585\TextSystem\Package.pkg"
    LogicalPath="Config1.X20CP3585.TextSystem"
    Type="Package"
    LastWriteTime="133431517296129186" />
  <Object
    Path="C:\projects\Semafor\Physical\Config1\X20CP3585\UnitSystem\Package.pkg"
    LogicalPath="Config1.X20CP3585.UnitSystem"
    Type="Package"
    LastWriteTime="133431517296129186" />
  <Object
    Path="C:\projects\Semafor\Physical\Config1\X20CP3585\AccessAndSecurity\Package.pkg"
    LogicalPath="Config1.X20CP3585.AccessAndSecurity"
    Type="Package"
    LastWriteTime="133431517296327888" />
  <Object
    Path="C:\projects\Semafor\Physical\Config1\X20CP3585\AccessAndSecurity\UserRoleSystem\Package.pkg"
    LogicalPath="Config1.X20CP3585.AccessAndSecurity.UserRoleSystem"
    Type="Package"
    LastWriteTime="133431517296170327" />
  <Object
    Path="C:\projects\Semafor\Physical\Config1\X20CP3585\AccessAndSecurity\UserRoleSystem\Role.role"
    LogicalPath="Config1.X20CP3585.AccessAndSecurity.UserRoleSystem.Role.role"
    Type="File"
    LastWriteTime="133431517296170327"
    Private="false" />
  <Object
    Path="C:\projects\Semafor\Physical\Config1\X20CP3585\AccessAndSecurity\UserRoleSystem\User.user"
    LogicalPath="Config1.X20CP3585.AccessAndSecurity.UserRoleSystem.User.user"
    Type="File"
    LastWriteTime="133431517296170327"
    Private="false" />
  <Object
    Path="C:\projects\Semafor\Physical\Config1\X20CP3585\AccessAndSecurity\CertificateStore\Package.pkg"
    LogicalPath="Config1.X20CP3585.AccessAndSecurity.CertificateStore"
    Type="Package"
    LastWriteTime="133431517296327888" />
  <Object
    Path="C:\projects\Semafor\Physical\Config1\X20CP3585\AccessAndSecurity\CertificateStore\OwnCertificates\Package.pkg"
    LogicalPath="Config1.X20CP3585.AccessAndSecurity.CertificateStore.OwnCertificates"
    Type="Package"
    LastWriteTime="133431517296170327" />
  <Object
    Path="C:\projects\Semafor\Physical\Config1\X20CP3585\AccessAndSecurity\CertificateStore\OwnCertificates\Certificates\Package.pkg"
    LogicalPath="Config1.X20CP3585.AccessAndSecurity.CertificateStore.OwnCertificates.Certificates"
    Type="Package"
    LastWriteTime="133431517296170327" />
  <Object
    Path="C:\projects\Semafor\Physical\Config1\X20CP3585\AccessAndSecurity\CertificateStore\OwnCertificates\PrivateKeys\Package.pkg"
    LogicalPath="Config1.X20CP3585.AccessAndSecurity.CertificateStore.OwnCertificates.PrivateKeys"
    Type="Package"
    LastWriteTime="133431517296170327" />
  <Object
    Path="C:\projects\Semafor\Physical\Config1\X20CP3585\AccessAndSecurity\CertificateStore\ThirdPartyCertificates\Package.pkg"
    LogicalPath="Config1.X20CP3585.AccessAndSecurity.CertificateStore.ThirdPartyCertificates"
    Type="Package"
    LastWriteTime="133431517296170327" />
  <Object
    Path="C:\projects\Semafor\Physical\Config1\X20CP3585\AccessAndSecurity\CertificateStore\ThirdPartyCertificates\SoftwareCertificates\Package.pkg"
    LogicalPath="Config1.X20CP3585.AccessAndSecurity.CertificateStore.ThirdPartyCertificates.SoftwareCertificates"
    Type="Package"
    LastWriteTime="133431517296170327" />
  <Object
    Path="C:\projects\Semafor\Physical\Config1\X20CP3585\AccessAndSecurity\CertificateStore\CertificateRevocationLists\Package.pkg"
    LogicalPath="Config1.X20CP3585.AccessAndSecurity.CertificateStore.CertificateRevocationLists"
    Type="Package"
    LastWriteTime="133431517296327888" />
  <Object
    Path="C:\projects\Semafor\Physical\Config1\X20CP3585\AccessAndSecurity\CertificateStore\CertificateSigningRequests\Package.pkg"
    LogicalPath="Config1.X20CP3585.AccessAndSecurity.CertificateStore.CertificateSigningRequests"
    Type="Package"
    LastWriteTime="133431517296327888" />
  <Object
    Path="C:\projects\Semafor\Physical\Config1\X20CP3585\AccessAndSecurity\TransportLayerSecurity\Package.pkg"
    LogicalPath="Config1.X20CP3585.AccessAndSecurity.TransportLayerSecurity"
    Type="Package"
    LastWriteTime="133431517296327888" />
  <Object
    Path="C:\projects\Semafor\Physical\Config1\X20CP3585\AccessAndSecurity\Firewall\Package.pkg"
    LogicalPath="Config1.X20CP3585.AccessAndSecurity.Firewall"
    Type="Package"
    LastWriteTime="133431517296327888" />
  <Object
    Path="C:\projects\Semafor\Physical\Config1\X20CP3585\AccessAndSecurity\Firewall\Rules.firewallRules"
    LogicalPath="Config1.X20CP3585.AccessAndSecurity.Firewall.Rules.firewallRules"
    Type="File"
    LastWriteTime="133431517296327888"
    Private="false" />
  <Object
    Path="C:\projects\Semafor\Physical\Config1\X20CP3585\mappControl\Package.pkg"
    LogicalPath="Config1.X20CP3585.mappControl"
    Type="Package"
    LastWriteTime="133431517296327888" />
  <Object
    Path="C:\projects\Semafor\Physical\Config1\X20CP3585\mappMotion\Package.pkg"
    LogicalPath="Config1.X20CP3585.mappMotion"
    Type="Package"
    LastWriteTime="133431517296327888" />
  <Object
    Path="C:\projects\Semafor\Physical\Config1\X20CP3585\mappServices\Package.pkg"
    LogicalPath="Config1.X20CP3585.mappServices"
    Type="Package"
    LastWriteTime="133431517296327888" />
  <Object
    Path="C:\projects\Semafor\Physical\Config1\X20CP3585\mappSafety\Package.pkg"
    LogicalPath="Config1.X20CP3585.mappSafety"
    Type="Package"
    LastWriteTime="133431517296484428" />
  <Object
    Path="C:\projects\Semafor\Physical\Config1\X20CP3585\mappSafety\SafeApplication\Package.pkg"
    LogicalPath="Config1.X20CP3585.mappSafety.SafeApplication"
    Type="Package"
    LastWriteTime="133431517296327888" />
  <Object
    Path="C:\projects\Semafor\Physical\Config1\X20CP3585\mappSafety\SafeCommissioning\Package.pkg"
    LogicalPath="Config1.X20CP3585.mappSafety.SafeCommissioning"
    Type="Package"
    LastWriteTime="133431517296484428" />
  <Object
    Path="C:\projects\Semafor\Physical\Config1\X20CP3585\mappView\Package.pkg"
    LogicalPath="Config1.X20CP3585.mappView"
    Type="Package"
    LastWriteTime="133431517296484428" />
  <Object
    Path="C:\projects\Semafor\Physical\Config1\X20CP3585\mappVision\Package.pkg"
    LogicalPath="Config1.X20CP3585.mappVision"
    Type="Package"
    LastWriteTime="133431517296484428" />
  <Object
    Path="C:\projects\Semafor\Physical\Config1\X20CP3585\mappCockpit\Package.pkg"
    LogicalPath="Config1.X20CP3585.mappCockpit"
    Type="Package"
    LastWriteTime="133431517296484428" />
  <Object
    Path="C:\projects\Semafor\Physical\Config1\X20CP3585\VC\Package.pkg"
    LogicalPath="Config1.X20CP3585.VC"
    Type="Package"
    LastWriteTime="133432232020234700" />
  <Object
    Path="C:\projects\Semafor\Physical\Config1\X20CP3585\VC\PS2-Keyboard.dis"
    LogicalPath="Config1.X20CP3585.VC.PS2-Keyboard.dis"
    Type="File"
    LastWriteTime="133432232021248481"
    Private="false" />
  <Object
    Path="C:\projects\Semafor\Physical\Config1\Hardware.jpg"
    LogicalPath="Config1.Hardware.jpg"
    Type="File"
    LastWriteTime="133431517634089598"
    Private="false" />
</Objects>